<?xml version="1.0" encoding="UTF-8"?>
<testsuite name="testmaximumpackage.TestMaximumTest" tests="6" skipped="0" failures="0" errors="0" timestamp="2020-10-16T12:59:44" hostname="AVINASH" time="0.036">
  <properties/>
  <testcase name="whenMaxIntAt_ThirdPostion_ReturnMax" classname="testmaximumpackage.TestMaximumTest" time="0.004"/>
  <testcase name="whenMaxFloatAt_SecondPostion_ReturnMax" classname="testmaximumpackage.TestMaximumTest" time="0.0"/>
  <testcase name="whenMaxFloatAt_FirstPostion_ReturnMax" classname="testmaximumpackage.TestMaximumTest" time="0.001"/>
  <testcase name="whenMaxIntAt_SecondPostion_ReturnMax" classname="testmaximumpackage.TestMaximumTest" time="0.002"/>
  <testcase name="whenMaxFloatAt_ThirdPostion_ReturnMax" classname="testmaximumpackage.TestMaximumTest" time="0.007"/>
  <testcase name="whenMaxIntAt_FirstPostion_ReturnMax" classname="testmaximumpackage.TestMaximumTest" time="0.004"/>
  <system-out><![CDATA[]]></system-out>
  <system-err><![CDATA[]]></system-err>
</testsuite>
