<?xml version="1.0" encoding="UTF-8"?>
<testsuite name="testmaximumpackage.TestMaximumTest" tests="3" skipped="0" failures="0" errors="0" timestamp="2020-10-16T12:53:30" hostname="AVINASH" time="0.005">
  <properties/>
  <testcase name="whenMaxIntAt_ThirdPostion_ReturnMax" classname="testmaximumpackage.TestMaximumTest" time="0.003"/>
  <testcase name="whenMaxIntAt_SecondPostion_ReturnMax" classname="testmaximumpackage.TestMaximumTest" time="0.0"/>
  <testcase name="whenMaxIntAt_FirstPostion_ReturnMax" classname="testmaximumpackage.TestMaximumTest" time="0.0"/>
  <system-out><![CDATA[]]></system-out>
  <system-err><![CDATA[]]></system-err>
</testsuite>
